[debug] [2023-03-21T07:48:53.307Z] ----------------------------------------------------------------------
[debug] [2023-03-21T07:48:53.310Z] Command:       C:\Program Files\nodejs\node.exe C:\Users\Sakshi Mamgain\AppData\Roaming\npm\node_modules\firebase-tools\lib\bin\firebase.js init
[debug] [2023-03-21T07:48:53.310Z] CLI Version:   11.24.1
[debug] [2023-03-21T07:48:53.310Z] Platform:      win32
[debug] [2023-03-21T07:48:53.310Z] Node Version:  v19.7.0
[debug] [2023-03-21T07:48:53.310Z] Time:          Tue Mar 21 2023 13:18:53 GMT+0530 (India Standard Time)
[debug] [2023-03-21T07:48:53.311Z] ----------------------------------------------------------------------
[debug] 
[debug] [2023-03-21T07:48:53.319Z] > command requires scopes: ["email","openid","https://www.googleapis.com/auth/cloudplatformprojects.readonly","https://www.googleapis.com/auth/firebase","https://www.googleapis.com/auth/cloud-platform"]
[debug] [2023-03-21T07:48:53.319Z] > authorizing via signed-in user (sakshi.mamgain2001@gmail.com)
[info] 
     ######## #### ########  ######## ########     ###     ######  ########
     ##        ##  ##     ## ##       ##     ##  ##   ##  ##       ##
     ######    ##  ########  ######   ########  #########  ######  ######
     ##        ##  ##    ##  ##       ##     ## ##     ##       ## ##
     ##       #### ##     ## ######## ########  ##     ##  ######  ########

You're about to initialize a Firebase project in this directory:

  C:\firebase

Before we get started, keep in mind:

  * You are currently outside your home directory

[info] 
=== Project Setup
[info] 
[info] First, let's associate this project directory with a Firebase project.
[info] You can create multiple project aliases by running firebase use --add, 
[info] but for now we'll just set up a default project.
[info] 
[debug] [2023-03-21T07:52:27.526Z] >>> [apiv2][query] GET https://firebase.googleapis.com/v1beta1/projects pageSize=100
[debug] [2023-03-21T07:52:28.491Z] <<< [apiv2][status] GET https://firebase.googleapis.com/v1beta1/projects 200
[debug] [2023-03-21T07:52:28.491Z] <<< [apiv2][body] GET https://firebase.googleapis.com/v1beta1/projects [omitted]
[info] i  Using project react-course-81a54 (react-course) 
[info] 
=== Hosting Setup
[info] 
[info] Your public directory is the folder (relative to your project directory) that
[info] will contain Hosting assets to be uploaded with firebase deploy. If you
[info] have a build process for your assets, use your build's output directory.
[info] 
[info] +  Wrote public/404.html 
[debug] [2023-03-21T07:54:00.881Z] >>> [apiv2][query] GET https://www.gstatic.com/firebasejs/releases.json [none]
[debug] [2023-03-21T07:54:00.991Z] <<< [apiv2][status] GET https://www.gstatic.com/firebasejs/releases.json 200
[debug] [2023-03-21T07:54:00.991Z] <<< [apiv2][body] GET https://www.gstatic.com/firebasejs/releases.json {"current":{"version":"9.18.0","browserURL":"https://www.gstatic.com/firebasejs/9.18.0/firebase.js","packageURL":"https://www.gstatic.com/firebasejs/9.18.0/firebase.tgz"},"live":{"version":"9.18","browserURL":"https://www.gstatic.com/firebasejs/live/9.18/firebase.js","packageURL":"https://www.gstatic.com/firebasejs/live/9.18/firebase.tgz"},"components":{"analytics":"https://www.gstatic.com/firebasejs/9.18.0/firebase-analytics.js","app":"https://www.gstatic.com/firebasejs/9.18.0/firebase-app.js","app-check":"https://www.gstatic.com/firebasejs/9.18.0/firebase-app-check.js","auth":"https://www.gstatic.com/firebasejs/9.18.0/firebase-auth.js","auth/cordova":"https://www.gstatic.com/firebasejs/9.18.0/firebase-auth/cordova.js","auth/react-native":"https://www.gstatic.com/firebasejs/9.18.0/firebase-auth/react-native.js","functions":"https://www.gstatic.com/firebasejs/9.18.0/firebase-functions.js","firestore":"https://www.gstatic.com/firebasejs/9.18.0/firebase-firestore.js","firestore/lite":"https://www.gstatic.com/firebasejs/9.18.0/firebase-firestore/lite.js","installations":"https://www.gstatic.com/firebasejs/9.18.0/firebase-installations.js","storage":"https://www.gstatic.com/firebasejs/9.18.0/firebase-storage.js","performance":"https://www.gstatic.com/firebasejs/9.18.0/firebase-performance.js","remote-config":"https://www.gstatic.com/firebasejs/9.18.0/firebase-remote-config.js","messaging":"https://www.gstatic.com/firebasejs/9.18.0/firebase-messaging.js","messaging/sw":"https://www.gstatic.com/firebasejs/9.18.0/firebase-messaging/sw.js","database":"https://www.gstatic.com/firebasejs/9.18.0/firebase-database.js","firestore.memory":"https://www.gstatic.com/firebasejs/9.18.0/firebase-firestore.memory.js"}}
[info] i  Skipping write of public/index.html 
[info] 
[info] i  Didn't detect a .git folder. Assuming C:\firebase is the project root. 
[info] i  Authorizing with GitHub to upload your service account to a GitHub repository's secrets store. 
[info] 
[info] Visit this URL on this device to log in:
[info] https://github.com/login/oauth/authorize?client_id=89cf50f02ac6aaed3484&state=882015886&redirect_uri=http%3A%2F%2Flocalhost%3A9005&scope=read%3Auser%20repo%20public_repo
[info] 
[info] Waiting for authentication...
[debug] [2023-03-21T07:57:43.939Z] >>> [apiv2][query] POST https://github.com/login/oauth/access_token [none]
[debug] [2023-03-21T07:57:43.939Z] >>> [apiv2][body] POST https://github.com/login/oauth/access_token [stream]
[debug] [2023-03-21T07:57:44.466Z] <<< [apiv2][status] POST https://github.com/login/oauth/access_token 200
[debug] [2023-03-21T07:57:44.466Z] <<< [apiv2][body] POST https://github.com/login/oauth/access_token {"access_token":"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","token_type":"bearer","scope":"read:user,repo"}
[debug] [2023-03-21T07:57:44.475Z] >>> [apiv2][query] GET https://api.github.com/user [none]
[debug] [2023-03-21T07:57:44.936Z] <<< [apiv2][status] GET https://api.github.com/user 200
[debug] [2023-03-21T07:57:44.937Z] <<< [apiv2][body] GET https://api.github.com/user {"login":"Sakshi1368","id":128462039,"node_id":"U_kgDOB6gs1w","avatar_url":"https://avatars.githubusercontent.com/u/128462039?v=4","gravatar_id":"","url":"https://api.github.com/users/Sakshi1368","html_url":"https://github.com/Sakshi1368","followers_url":"https://api.github.com/users/Sakshi1368/followers","following_url":"https://api.github.com/users/Sakshi1368/following{/other_user}","gists_url":"https://api.github.com/users/Sakshi1368/gists{/gist_id}","starred_url":"https://api.github.com/users/Sakshi1368/starred{/owner}{/repo}","subscriptions_url":"https://api.github.com/users/Sakshi1368/subscriptions","organizations_url":"https://api.github.com/users/Sakshi1368/orgs","repos_url":"https://api.github.com/users/Sakshi1368/repos","events_url":"https://api.github.com/users/Sakshi1368/events{/privacy}","received_events_url":"https://api.github.com/users/Sakshi1368/received_events","type":"User","site_admin":false,"name":null,"company":null,"blog":"","location":null,"email":null,"hireable":null,"bio":null,"twitter_username":null,"public_repos":0,"public_gists":0,"followers":0,"following":0,"created_at":"2023-03-21T07:57:09Z","updated_at":"2023-03-21T07:57:09Z","private_gists":0,"total_private_repos":0,"owned_private_repos":0,"disk_usage":0,"collaborators":0,"two_factor_authentication":false,"plan":{"name":"free","space":976562499,"collaborators":0,"private_repos":10000}}
[info] 
[info] +  Success! Logged into GitHub as Sakshi1368 
[info] 
